     1                                  ; Syed Saadat
     2                                  ; CSC 322 10-11-21
     3                                  ; Program 3 - Summing Arrays
     4                                  ; Adding arrays and storing the total sum
     5                                  
     6                                  SECTION .data
     7                                  
     8 00000000 F6ECE2D8CE              bArray :	db	-10, -20, -30, -40, -50
     9 00000005 010002000300040005-     wArray :	dw	1,2,3,4,5
    10 0000000E 00                 
    11 0000000F 4201000022030000D2-     dArray : 	dd	322, 322h, 322q, 1833, 1833h
    12 00000018 000000290700003318-
    13 00000021 0000               
    14 00000023 00                      bArraySum :  	db	0
    15 00000024 0000                    wArraySum : 	dw	0
    16 00000026 00000000                dArraySum :	dd	0
    17 0000002A 00000000                grandTotal :	dd	0
    18                                  
    19                                  
    20                                  SECTION .txt
    21                                  global _main
    22                                  _main : 
    23                                  
    24                                  ; sum of elements in bArray
    25 00000000 66A1[00000000]          mov ax, [bArray]
    26 00000006 660305[00000000]        add ax, [bArray]
    27 0000000D 66A3[23000000]          mov [bArraySum], ax
    28                                  
    29                                  ; sum of elements in wArray
    30 00000013 A1[05000000]            mov eax, [wArray]
    31 00000018 0305[05000000]          add eax, [wArray]
    32 0000001E A3[24000000]            mov [wArraySum], eax
    33                                  
    34                                  ; sum of elements in dArray
    35 00000023 8B0D[0F000000]          mov ecx, [dArray]
    36 00000029 030D[0F000000]          add ecx, [dArray]
    37 0000002F 890D[26000000]          mov [dArraySum], ecx
    38                                  
    39                                  ; grand sum 
    40 00000035 A1[23000000]            mov eax, [bArraySum]
    41 0000003A 0305[24000000]          add eax, [wArraySum]
    42 00000040 0305[26000000]          add eax, [dArraySum]
    43                                  
    44                                  lastBreak : 
    45                                  
    46 00000046 B801000000              mov eax, 1
    47 0000004B BB00000000              mov ebx, 0
    48 00000050 CD80                    int 80h
