     1                                  ; NAME		: Syed Saadat
     2                                  ; Assignment	: Program 1 Data Storage
     3                                  ; Date		: 9-22-21
     4                                  ; Etc...
     5                                  
     6                                  SECTION .data
     7                                  ; define data/variables here.  Think DB, DW, DD, DQ
     8 00000000 020406080A              a1:	DB	2, 4, 6, 8, 10	
     9 00000005 010000000000000002-     b1:	DQ	1, 2, 3, 4, 5
    10 0000000E 000000000000000300-
    11 00000017 000000000000040000-
    12 00000020 000000000005000000-
    13 00000029 00000000           
    14 0000002D 0A000000140000001E-     c1:	DD	10, 20, 30, 40
    15 00000036 00000028000000     
    16 0000003D 100000000000000011-     d1:	DQ	10h, 11h, 12h, 13h
    17 00000046 000000000000001200-
    18 0000004F 000000000000130000-
    19 00000058 0000000000         
    20                                  
    21 0000005D CE                      a2:	DB	-50
    22 0000005E D3FF                    b2:	DW	-45
    23 00000060 E2                      c2:	DB	-30
    24 00000061 E7FF                    d2:	DW	-25
    25 00000063 EC                      e2:	DB	-20
    26                                  
    27 00000064 4D6572636572            a3:	DB	"Mercer"
    28 0000006A 64                      b3:	DB	100
    29 0000006B 00                      c3:	DB	0
    30 0000006C 476F20                  d3:	DB	"Go "
    31 0000006F 426561727321            e3:	DB	"Bears!"
    32                                  
    33 00000075 6400                    a4:	DW	100
    34 00000077 00010000                b4:	DD	100h
    35 0000007B 04                      c4:	DB	100b
    36 0000007C 4000                    d4:	DW	100q
    37 0000007E 64000000                e4:	DD	100d
    38                                  
    39                                  SECTION .bss
    40                                  ; define uninitialized data here
    41                                  
    42                                  SECTION .text
    43                                  global _main
    44                                  _main:
    45                                  
    46                                  ; put your code here.
    47                                  
    48                                  
    49                                  
    50                                  ; Normal termination code
    51 00000000 B801000000              mov eax, 1
    52 00000005 BB00000000              mov ebx, 0
    53 0000000A CD80                    int 80h
