     1                                  ; NAME       : Syed Saadat
     2                                  ; DATE       : 11-12-21
     3                                  ; ASSIGNMENT : Reverse Array with Macros
     4                                  
     5                                  %macro revArray 2 
     6                                  	push eax
     7                                  	push ebx
     8                                  	push ecx
     9                                  	mov ebx, %1
    10                                  	mov ecx, %2
    11                                  	shr ecx, 2
    12                                  	; push every element in array on to stack
    13                                  	%%pushElement:
    14                                  		push dword [ebx]
    15                                  		add ebx, 4
    16                                  	loop %%pushElement
    17                                  
    18                                  	mov ebx, %1
    19                                  	mov ecx, %2
    20                                  	shr ecx, 2
    21                                  	; pop every element back onto array
    22                                  	%%popElement:
    23                                  		pop dword [ebx]
    24                                  		add ebx, 4
    25                                  	loop %%popElement
    26                                  	push ecx
    27                                  	push ebx
    28                                  	push eax
    29                                  %endmacro
    30                                  
    31                                  SECTION .data
    32 00000000 010000000200000003-     array1: dd      1,2,3,4,5
    33 00000009 000000040000000500-
    34 00000012 0000               
    35                                  len1:   EQU     ($-array1)
    36                                  
    37 00000014 F6FFFFFFF7FFFFFFF8-     array2: dd      -10, -9,-8,-7,-6,-5,-4,-3,-2,-1,0,1,2,3,4,5,6,7,8,9
    38 0000001D FFFFFFF9FFFFFFFAFF-
    39 00000026 FFFFFBFFFFFFFCFFFF-
    40 0000002F FFFDFFFFFFFEFFFFFF-
    41 00000038 FFFFFFFF0000000001-
    42 00000041 000000020000000300-
    43 0000004A 000004000000050000-
    44 00000053 000600000007000000-
    45 0000005C 0800000009000000   
    46                                  len2:   EQU     ($-array2)
    47                                  
    48 00000064 000000000A00000014-     array3: dd  0,10,20,30,40,50,60,70,80,90
    49 0000006D 0000001E0000002800-
    50 00000076 0000320000003C0000-
    51 0000007F 004600000050000000-
    52 00000088 5A000000           
    53 0000008C 640000006E00000078-             dd  100,110,120,130,140,150,160,170,180,190
    54 00000095 000000820000008C00-
    55 0000009E 000096000000A00000-
    56 000000A7 00AA000000B4000000-
    57 000000B0 BE000000           
    58 000000B4 C8000000D2000000DC-             dd  200,210,220,230,240,250,260,270,280,290
    59 000000BD 000000E6000000F000-
    60 000000C6 0000FA000000040100-
    61 000000CF 000E01000018010000-
    62 000000D8 22010000           
    63 000000DC 2C0100003601000040-             dd  300,310,320,330,340,350,360,370,380,390
    64 000000E5 0100004A0100005401-
    65 000000EE 00005E010000680100-
    66 000000F7 00720100007C010000-
    67 00000100 86010000           
    68 00000104 900100009A010000A4-             dd  400,410,420,430,440,450,460,470,480,490,500
    69 0000010D 010000AE010000B801-
    70 00000116 0000C2010000CC0100-
    71 0000011F 00D6010000E0010000-
    72 00000128 EA010000F4010000   
    73                                  len3:   EQU ($-array3)
    74                                  
    75                                  SECTION .text
    76                                  global _main
    77                                  _main:
    78                                  
    79                                  start:
    80 00000000 B842010000              	mov eax, 322
    81                                  	revArray array1, len1
    82 00000005 50                  <1>  push eax
    83 00000006 53                  <1>  push ebx
    84 00000007 51                  <1>  push ecx
    85 00000008 BB[00000000]        <1>  mov ebx, %1
    86 0000000D B914000000          <1>  mov ecx, %2
    87 00000012 C1E902              <1>  shr ecx, 2
    88                              <1> 
    89                              <1>  %%pushElement:
    90 00000015 FF33                <1>  push dword [ebx]
    91 00000017 83C304              <1>  add ebx, 4
    92 0000001A E2F9                <1>  loop %%pushElement
    93                              <1> 
    94 0000001C BB[00000000]        <1>  mov ebx, %1
    95 00000021 B914000000          <1>  mov ecx, %2
    96 00000026 C1E902              <1>  shr ecx, 2
    97                              <1> 
    98                              <1>  %%popElement:
    99 00000029 8F03                <1>  pop dword [ebx]
   100 0000002B 83C304              <1>  add ebx, 4
   101 0000002E E2F9                <1>  loop %%popElement
   102 00000030 51                  <1>  push ecx
   103 00000031 53                  <1>  push ebx
   104 00000032 50                  <1>  push eax
   105                                  	revArray array2, len2
   106 00000033 50                  <1>  push eax
   107 00000034 53                  <1>  push ebx
   108 00000035 51                  <1>  push ecx
   109 00000036 BB[14000000]        <1>  mov ebx, %1
   110 0000003B B950000000          <1>  mov ecx, %2
   111 00000040 C1E902              <1>  shr ecx, 2
   112                              <1> 
   113                              <1>  %%pushElement:
   114 00000043 FF33                <1>  push dword [ebx]
   115 00000045 83C304              <1>  add ebx, 4
   116 00000048 E2F9                <1>  loop %%pushElement
   117                              <1> 
   118 0000004A BB[14000000]        <1>  mov ebx, %1
   119 0000004F B950000000          <1>  mov ecx, %2
   120 00000054 C1E902              <1>  shr ecx, 2
   121                              <1> 
   122                              <1>  %%popElement:
   123 00000057 8F03                <1>  pop dword [ebx]
   124 00000059 83C304              <1>  add ebx, 4
   125 0000005C E2F9                <1>  loop %%popElement
   126 0000005E 51                  <1>  push ecx
   127 0000005F 53                  <1>  push ebx
   128 00000060 50                  <1>  push eax
   129                                  	revArray array3, len3
   130 00000061 50                  <1>  push eax
   131 00000062 53                  <1>  push ebx
   132 00000063 51                  <1>  push ecx
   133 00000064 BB[64000000]        <1>  mov ebx, %1
   134 00000069 B9CC000000          <1>  mov ecx, %2
   135 0000006E C1E902              <1>  shr ecx, 2
   136                              <1> 
   137                              <1>  %%pushElement:
   138 00000071 FF33                <1>  push dword [ebx]
   139 00000073 83C304              <1>  add ebx, 4
   140 00000076 E2F9                <1>  loop %%pushElement
   141                              <1> 
   142 00000078 BB[64000000]        <1>  mov ebx, %1
   143 0000007D B9CC000000          <1>  mov ecx, %2
   144 00000082 C1E902              <1>  shr ecx, 2
   145                              <1> 
   146                              <1>  %%popElement:
   147 00000085 8F03                <1>  pop dword [ebx]
   148 00000087 83C304              <1>  add ebx, 4
   149 0000008A E2F9                <1>  loop %%popElement
   150 0000008C 51                  <1>  push ecx
   151 0000008D 53                  <1>  push ebx
   152 0000008E 50                  <1>  push eax
   153                                  
   154                                  lastBreak:
   155                                  ; standard termination
   156 0000008F B801000000              mov eax, 1
   157 00000094 BB00000000              mov ebx, 0
   158 00000099 CD80                    int 80h
