     1                                  ; NAME		:	Syed Saadat
     2                                  ; Assignmetnt	:	Program 4 Fibonacci Sequence
     3                                  ; Date		:	10-15-21
     4                                  
     5                                  SECTION .data
     6 00000000 00000000                fib		:	DD	0 ; num1
     7 00000004 01000000                previousNum	:	DD	1 ; num2
     8 00000008 00000000                temp		:	DD	0 ; num3
     9                                  	
    10                                  SECTION .bss
    11 00000000 <res 00000040>          Fibs:	RESD	16
    12                                  
    13                                  SECTION .text
    14                                  global _main
    15                                  _main:
    16                                  
    17 00000000 B910000000              mov ecx, 16
    18 00000005 BB[00000000]            mov ebx, Fibs
    19                                  top: 
    20                                  
    21                                  ; store fib and shift array
    22 0000000A C705[00000000]-         mov dword[Fibs], fib
    23 00000010 [00000000]         
    24 00000014 83C304                  add ebx, 4
    25                                  
    26                                  ; swap
    27 00000017 A1[08000000]            mov eax, [temp]
    28 0000001C 0305[00000000]          add eax, [fib]
    29 00000022 0305[04000000]          add eax, [previousNum] ; num3
    30 00000028 B8[04000000]            mov eax, previousNum
    31                                  ; mov ax to fibs
    32 0000002D 66A3[00000000]          mov [fib], ax
    33 00000033 A3[04000000]            mov [previousNum], eax
    34                                  
    35 00000038 E2D0                    loop top
    36                                  
    37                                  lastBreak:
    38                                  	
    39                                  ; standard termination
    40 0000003A B801000000              mov eax, 1
    41 0000003F BB00000000              mov ebx, 0
    42 00000044 CD80                    int 80h
